<?xml version="1.0" encoding="UTF-8"?>
<!-- Generated by org.testng.reporters.JUnitReportReporter -->
<testsuite hostname="DESKTOP-QJN7LP8" failures="0" tests="1" name="tests.LoginTest" time="22.345" errors="0" timestamp="07 Jun 2024 16:06:26 GMT" skipped="0">
  <testcase classname="tests.LoginTest" name="loginWithValidCredentials_TC02" time="22.345"/>
</testsuite> <!-- tests.LoginTest -->
