<?xml version="1.0" encoding="UTF-8"?>
<!-- Generated by org.testng.reporters.JUnitReportReporter -->
<testsuite hostname="DESKTOP-QJN7LP8" failures="0" tests="3" name="tests.LoginTest" time="39.845" errors="0" timestamp="11 May 2024 02:20:22 GMT" skipped="0">
  <testcase classname="tests.LoginTest" name="checkRememberMeTC_003" time="18.293"/>
  <testcase classname="tests.LoginTest" name="loginWithValidCredentials_TC002" time="13.011"/>
  <testcase classname="tests.LoginTest" name="loginErrorMessageCheck_TC001" time="8.541"/>
</testsuite> <!-- tests.LoginTest -->
