<?xml version="1.0" encoding="UTF-8"?>
<!-- Generated by org.testng.reporters.JUnitReportReporter -->
<testsuite hostname="DESKTOP-QJN7LP8" failures="0" tests="2" name="test.Login.LoginTest" time="19.909" errors="0" timestamp="03 May 2024 02:21:25 GMT" skipped="0">
  <testcase classname="test.Login.LoginTest" name="loginErrorMessageCheck" time="7.515"/>
  <testcase classname="test.Login.LoginTest" name="verifyLoginWithCorrectCredentials1" time="12.394"/>
</testsuite> <!-- test.Login.LoginTest -->
